<?xml version="1.0" encoding="UTF-8" ?>
<testsuite failures="0" time="0.102" errors="0" skipped="0" tests="2" name="qpar.master.DTNodeTest">
  <properties>
    <property name="java.runtime.name" value="Java(TM) SE Runtime Environment"/>
    <property name="sun.boot.library.path" value="C:\Program Files (x86)\Java\jdk1.6.0_17\jre\bin"/>
    <property name="java.vm.version" value="14.3-b01"/>
    <property name="java.vm.vendor" value="Sun Microsystems Inc."/>
    <property name="java.vendor.url" value="http://java.sun.com/"/>
    <property name="path.separator" value=";"/>
    <property name="java.vm.name" value="Java HotSpot(TM) Client VM"/>
    <property name="file.encoding.pkg" value="sun.io"/>
    <property name="user.country" value="AT"/>
    <property name="sun.java.launcher" value="SUN_STANDARD"/>
    <property name="sun.os.patch.level" value="Service Pack 1"/>
    <property name="java.vm.specification.name" value="Java Virtual Machine Specification"/>
    <property name="user.dir" value="C:\Users\thomasm\uni\qpar\qpar-master"/>
    <property name="java.runtime.version" value="1.6.0_17-b04"/>
    <property name="java.awt.graphicsenv" value="sun.awt.Win32GraphicsEnvironment"/>
    <property name="basedir" value="C:\Users\thomasm\uni\qpar\qpar-master"/>
    <property name="java.endorsed.dirs" value="C:\Program Files (x86)\Java\jdk1.6.0_17\jre\lib\endorsed"/>
    <property name="os.arch" value="x86"/>
    <property name="surefire.real.class.path" value="C:\Users\thomasm\uni\qpar\qpar-master\target\surefire\surefirebooter7394981309853308004.jar"/>
    <property name="java.io.tmpdir" value="C:\Users\thomasm\AppData\Local\Temp\"/>
    <property name="line.separator" value="
"/>
    <property name="java.vm.specification.vendor" value="Sun Microsystems Inc."/>
    <property name="user.variant" value=""/>
    <property name="os.name" value="Windows 7"/>
    <property name="sun.jnu.encoding" value="Cp1252"/>
    <property name="java.library.path" value="C:\Program Files (x86)\Java\jdk1.6.0_17\jre\bin;.;C:\Windows\Sun\Java\bin;C:\Windows\system32;C:\Windows;C:\Program Files (x86)\AMD APP\bin\x86_64;C:\Program Files (x86)\AMD APP\bin\x86;C:\Program Files (x86)\Windows Resource Kits\Tools\;C:\Program Files (x86)\NVIDIA Corporation\PhysX\Common;C:\Program Files\Common Files\Microsoft Shared\Windows Live;C:\Program Files (x86)\Common Files\Microsoft Shared\Windows Live;C:\Program Files\Ruby187\bin;C:\Program Files (x86)\MiKTeX 2.8\miktex\bin;C:\Windows\system32;C:\Windows;C:\Windows\System32\Wbem;C:\Windows\System32\WindowsPowerShell\v1.0\;C:\Program Files (x86)\OpenSSH\bin;C:\Program Files (x86)\Common Files\Teleca Shared;c:\Program Files (x86)\Microsoft SQL Server\90\Tools\binn\;C:\Program Files (x86)\Windows Live\Shared;C:\Program Files (x86)\Git\bin;C:\Program Files (x86)\Git\cmd;C:\mingw64\bin;C:\MinGW\msys\1.0\bin;C:\Program Files (x86)\Java\jdk1.6.0_17\bin;C:\ATI\ATI.ACE\Core-Static;C:\Program Files (x86)\ATI Technologies\ATI.ACE\Core-Static;C:\Program Files (x86)\Nmap"/>
    <property name="surefire.test.class.path" value="C:\Users\thomasm\uni\qpar\qpar-master\target\test-classes;C:\Users\thomasm\uni\qpar\qpar-master\target\classes;C:\Users\thomasm\.m2\repository\gnu\getopt\java-getopt\1.0.13\java-getopt-1.0.13.jar;C:\Users\thomasm\uni\qpar\qpar-common\target\qpar-common-0.0.1-SNAPSHOT.jar;C:\Users\thomasm\.m2\repository\javax\mail\mail\1.4\mail-1.4.jar;C:\Users\thomasm\.m2\repository\javax\activation\activation\1.1\activation-1.1.jar;C:\Users\thomasm\.m2\repository\org\slf4j\slf4j-api\1.6.4\slf4j-api-1.6.4.jar;C:\Users\thomasm\.m2\repository\junit\junit\4.10\junit-4.10.jar;C:\Users\thomasm\.m2\repository\org\hamcrest\hamcrest-core\1.1\hamcrest-core-1.1.jar;C:\Users\thomasm\.m2\repository\ch\qos\logback\logback-classic\1.0.0\logback-classic-1.0.0.jar;C:\Users\thomasm\.m2\repository\ch\qos\logback\logback-core\1.0.0\logback-core-1.0.0.jar;"/>
    <property name="java.specification.name" value="Java Platform API Specification"/>
    <property name="java.class.version" value="50.0"/>
    <property name="sun.management.compiler" value="HotSpot Client Compiler"/>
    <property name="os.version" value="6.1"/>
    <property name="user.home" value="C:\Users\thomasm"/>
    <property name="user.timezone" value="Europe/Berlin"/>
    <property name="java.awt.printerjob" value="sun.awt.windows.WPrinterJob"/>
    <property name="java.specification.version" value="1.6"/>
    <property name="file.encoding" value="Cp1252"/>
    <property name="user.name" value="thomasm"/>
    <property name="java.class.path" value="C:\Users\thomasm\uni\qpar\qpar-master\target\test-classes;C:\Users\thomasm\uni\qpar\qpar-master\target\classes;C:\Users\thomasm\.m2\repository\gnu\getopt\java-getopt\1.0.13\java-getopt-1.0.13.jar;C:\Users\thomasm\uni\qpar\qpar-common\target\qpar-common-0.0.1-SNAPSHOT.jar;C:\Users\thomasm\.m2\repository\javax\mail\mail\1.4\mail-1.4.jar;C:\Users\thomasm\.m2\repository\javax\activation\activation\1.1\activation-1.1.jar;C:\Users\thomasm\.m2\repository\org\slf4j\slf4j-api\1.6.4\slf4j-api-1.6.4.jar;C:\Users\thomasm\.m2\repository\junit\junit\4.10\junit-4.10.jar;C:\Users\thomasm\.m2\repository\org\hamcrest\hamcrest-core\1.1\hamcrest-core-1.1.jar;C:\Users\thomasm\.m2\repository\ch\qos\logback\logback-classic\1.0.0\logback-classic-1.0.0.jar;C:\Users\thomasm\.m2\repository\ch\qos\logback\logback-core\1.0.0\logback-core-1.0.0.jar;"/>
    <property name="java.vm.specification.version" value="1.0"/>
    <property name="sun.arch.data.model" value="32"/>
    <property name="java.home" value="C:\Program Files (x86)\Java\jdk1.6.0_17\jre"/>
    <property name="java.specification.vendor" value="Sun Microsystems Inc."/>
    <property name="user.language" value="de"/>
    <property name="awt.toolkit" value="sun.awt.windows.WToolkit"/>
    <property name="java.vm.info" value="mixed mode, sharing"/>
    <property name="java.version" value="1.6.0_17"/>
    <property name="java.ext.dirs" value="C:\Program Files (x86)\Java\jdk1.6.0_17\jre\lib\ext;C:\Windows\Sun\Java\lib\ext"/>
    <property name="sun.boot.class.path" value="C:\Program Files (x86)\Java\jdk1.6.0_17\jre\lib\resources.jar;C:\Program Files (x86)\Java\jdk1.6.0_17\jre\lib\rt.jar;C:\Program Files (x86)\Java\jdk1.6.0_17\jre\lib\sunrsasign.jar;C:\Program Files (x86)\Java\jdk1.6.0_17\jre\lib\jsse.jar;C:\Program Files (x86)\Java\jdk1.6.0_17\jre\lib\jce.jar;C:\Program Files (x86)\Java\jdk1.6.0_17\jre\lib\charsets.jar;C:\Program Files (x86)\Java\jdk1.6.0_17\jre\classes"/>
    <property name="java.vendor" value="Sun Microsystems Inc."/>
    <property name="localRepository" value="C:\Users\thomasm\.m2\repository"/>
    <property name="file.separator" value="\"/>
    <property name="java.vendor.url.bug" value="http://java.sun.com/cgi-bin/bugreport.cgi"/>
    <property name="sun.cpu.endian" value="little"/>
    <property name="sun.io.unicode.encoding" value="UnicodeLittle"/>
    <property name="sun.desktop" value="windows"/>
    <property name="sun.cpu.isalist" value=""/>
  </properties>
  <testcase time="0.068" classname="qpar.master.DTNodeTest" name="testReduceAnd"/>
  <testcase time="0" classname="qpar.master.DTNodeTest" name="testReduceOr"/>
</testsuite>